<?xml version="1.0" encoding="UTF-8"?>
<!-- Generated by org.testng.reporters.JUnitReportReporter -->
<testsuite hostname="DESKTOP-C8AQ9PJ" failures="0" tests="4" name="com.employeeapi.Test.TC_04_PUT_EMPLOYEE" time="0.016" errors="0" timestamp="2023-01-06T18:52:38 IST" skipped="0">
  <testcase classname="com.employeeapi.Test.TC_04_PUT_EMPLOYEE" name="checkResposebody" time="0.005"/>
  <system-out/>
  <testcase classname="com.employeeapi.Test.TC_04_PUT_EMPLOYEE" name="checkStatuscode" time="0.004"/>
  <system-out/>
  <testcase classname="com.employeeapi.Test.TC_04_PUT_EMPLOYEE" name="checkStatusline" time="0.005"/>
  <system-out/>
  <testcase classname="com.employeeapi.Test.TC_04_PUT_EMPLOYEE" name="checkContentType" time="0.002"/>
  <system-out/>
</testsuite> <!-- com.employeeapi.Test.TC_04_PUT_EMPLOYEE -->
