<?xml version="1.0" encoding="UTF-8"?>
<!-- Generated by org.testng.reporters.JUnitReportReporter -->
<testsuite hostname="DESKTOP-C8AQ9PJ" failures="0" tests="4" name="com.employeeapi.Test.TC_03_POST_EmployeeData" time="0.059" errors="0" timestamp="2023-01-06T18:52:39 IST" skipped="0">
  <testcase classname="com.employeeapi.Test.TC_03_POST_EmployeeData" name="checkStatuscode" time="0.011"/>
  <system-out/>
  <testcase classname="com.employeeapi.Test.TC_03_POST_EmployeeData" name="checkResposebody" time="0.036"/>
  <system-out/>
  <testcase classname="com.employeeapi.Test.TC_03_POST_EmployeeData" name="checkContentType" time="0.009"/>
  <system-out/>
  <testcase classname="com.employeeapi.Test.TC_03_POST_EmployeeData" name="checkStatusline" time="0.003"/>
  <system-out/>
</testsuite> <!-- com.employeeapi.Test.TC_03_POST_EmployeeData -->
