<?xml version="1.0" encoding="UTF-8"?>
<!-- Generated by org.testng.reporters.JUnitReportReporter -->
<testsuite hostname="DESKTOP-C8AQ9PJ" failures="0" tests="4" name="com.employeeapi.Test.TC_01_GET_All_Employees" time="0.025" errors="0" timestamp="2023-01-06T22:09:04 IST" skipped="0">
  <testcase classname="com.employeeapi.Test.TC_01_GET_All_Employees" name="checkStatusline" time="0.009"/>
  <system-out/>
  <testcase classname="com.employeeapi.Test.TC_01_GET_All_Employees" name="checkResponsetime" time="0.003"/>
  <system-out/>
  <testcase classname="com.employeeapi.Test.TC_01_GET_All_Employees" name="checkResponsebody" time="0.009"/>
  <system-out/>
  <testcase classname="com.employeeapi.Test.TC_01_GET_All_Employees" name="checkStatusCode" time="0.004"/>
  <system-out/>
</testsuite> <!-- com.employeeapi.Test.TC_01_GET_All_Employees -->
