<?xml version="1.0" encoding="UTF-8"?>
<!-- Generated by org.testng.reporters.JUnitReportReporter -->
<testsuite hostname="DESKTOP-C8AQ9PJ" failures="0" tests="4" name="com.employeeapi.Test.TC_04_PUT_EMPLOYEE" time="0.012" errors="0" timestamp="2023-01-06T22:09:04 IST" skipped="0">
  <testcase classname="com.employeeapi.Test.TC_04_PUT_EMPLOYEE" name="checkStatuscode" time="0.003"/>
  <system-out/>
  <testcase classname="com.employeeapi.Test.TC_04_PUT_EMPLOYEE" name="checkContentType" time="0.001"/>
  <system-out/>
  <testcase classname="com.employeeapi.Test.TC_04_PUT_EMPLOYEE" name="checkResposebody" time="0.007"/>
  <system-out/>
  <testcase classname="com.employeeapi.Test.TC_04_PUT_EMPLOYEE" name="checkStatusline" time="0.001"/>
  <system-out/>
</testsuite> <!-- com.employeeapi.Test.TC_04_PUT_EMPLOYEE -->
